<?xml version="1.0" encoding="UTF-8"?>
<coverage generated="1771348583399" clover="3.2.0">
  <project timestamp="1771348583399" name="All files">
    <metrics statements="7" coveredstatements="7" conditionals="0" coveredconditionals="0" methods="4" coveredmethods="4" elements="11" coveredelements="11" complexity="0" loc="7" ncloc="7" packages="2" files="3" classes="3"/>
    <package name="src">
      <metrics statements="2" coveredstatements="2" conditionals="0" coveredconditionals="0" methods="1" coveredmethods="1"/>
      <file name="App.tsx" path="/Users/tlh/Code/markdown-preview/src/App.tsx">
        <metrics statements="2" coveredstatements="2" conditionals="0" coveredconditionals="0" methods="1" coveredmethods="1"/>
        <line num="6" count="3" type="stmt"/>
        <line num="8" count="3" type="stmt"/>
      </file>
    </package>
    <package name="src.components">
      <metrics statements="5" coveredstatements="5" conditionals="0" coveredconditionals="0" methods="3" coveredmethods="3"/>
      <file name="MarkdownInput.tsx" path="/Users/tlh/Code/markdown-preview/src/components/MarkdownInput.tsx">
        <metrics statements="3" coveredstatements="3" conditionals="0" coveredconditionals="0" methods="2" coveredmethods="2"/>
        <line num="8" count="2" type="stmt"/>
        <line num="12" count="7" type="stmt"/>
        <line num="19" count="1" type="stmt"/>
      </file>
      <file name="MarkdownPreview.tsx" path="/Users/tlh/Code/markdown-preview/src/components/MarkdownPreview.tsx">
        <metrics statements="2" coveredstatements="2" conditionals="0" coveredconditionals="0" methods="1" coveredmethods="1"/>
        <line num="13" count="2" type="stmt"/>
        <line num="14" count="7" type="stmt"/>
      </file>
    </package>
  </project>
</coverage>
