{"/Users/tlh/Code/markdown-preview/src/App.tsx": {"path":"/Users/tlh/Code/markdown-preview/src/App.tsx","statementMap":{"0":{"start":{"line":6,"column":34},"end":{"line":6,"column":633}},"1":{"start":{"line":8,"column":2},"end":{"line":29,"column":3}}},"fnMap":{"0":{"name":"App","decl":{"start":{"line":5,"column":9},"end":{"line":5,"column":12}},"loc":{"start":{"line":5,"column":15},"end":{"line":30,"column":1}},"line":5}},"branchMap":{},"s":{"0":3,"1":3},"f":{"0":3},"b":{},"_coverageSchema":"1a1c01bbd47fc00a2c39e90264f33305004495a9","hash":"e95eaf417abbcbf2ed2cd5450d61f0bb986584c3"}
,"/Users/tlh/Code/markdown-preview/src/components/MarkdownInput.tsx": {"path":"/Users/tlh/Code/markdown-preview/src/components/MarkdownInput.tsx","statementMap":{"0":{"start":{"line":8,"column":52},"end":{"line":25,"column":1}},"1":{"start":{"line":12,"column":2},"end":{"line":24,"column":3}},"2":{"start":{"line":19,"column":25},"end":{"line":19,"column":52}}},"fnMap":{"0":{"name":"(anonymous_0)","decl":{"start":{"line":8,"column":52},"end":{"line":8,"column":53}},"loc":{"start":{"line":11,"column":6},"end":{"line":25,"column":1}},"line":11},"1":{"name":"(anonymous_1)","decl":{"start":{"line":19,"column":18},"end":{"line":19,"column":19}},"loc":{"start":{"line":19,"column":25},"end":{"line":19,"column":52}},"line":19}},"branchMap":{},"s":{"0":2,"1":7,"2":1},"f":{"0":7,"1":1},"b":{},"_coverageSchema":"1a1c01bbd47fc00a2c39e90264f33305004495a9","hash":"1da3138969d170ca228b3d652cd609c205938ff2"}
,"/Users/tlh/Code/markdown-preview/src/components/MarkdownPreview.tsx": {"path":"/Users/tlh/Code/markdown-preview/src/components/MarkdownPreview.tsx","statementMap":{"0":{"start":{"line":13,"column":56},"end":{"line":29,"column":1}},"1":{"start":{"line":14,"column":2},"end":{"line":28,"column":3}}},"fnMap":{"0":{"name":"(anonymous_0)","decl":{"start":{"line":13,"column":56},"end":{"line":13,"column":57}},"loc":{"start":{"line":13,"column":74},"end":{"line":29,"column":1}},"line":13}},"branchMap":{},"s":{"0":2,"1":7},"f":{"0":7},"b":{},"_coverageSchema":"1a1c01bbd47fc00a2c39e90264f33305004495a9","hash":"dfd131506c5b7edfeb2f27b13b895a35d6bffc5e"}
}
